#
# There is insufficient memory for the Java Runtime Environment to continue.
# Native memory allocation (mmap) failed to map 134217728 bytes for Failed to commit area from 0x00000000c0e00000 to 0x00000000c8e00000 of length 134217728.
# Possible reasons:
#   The system is out of physical RAM or swap space
#   The process is running with CompressedOops enabled, and the Java Heap may be blocking the growth of the native heap
# Possible solutions:
#   Reduce memory load on the system
#   Increase physical memory or swap space
#   Check if swap backing store is full
#   Decrease Java heap size (-Xmx/-Xms)
#   Decrease number of Java threads
#   Decrease Java thread stack sizes (-Xss)
#   Set larger code cache with -XX:ReservedCodeCacheSize=
# This output file may be truncated or incomplete.
#
#  Out of Memory Error (./src/hotspot/os/windows/os_windows.cpp:3303), pid=888, tid=6100
#
# JRE version:  (11.0.9.1+11) (build )
# Java VM: OpenJDK 64-Bit Server VM (11.0.9.1+11-b1145.77, mixed mode, sharing, tiered, compressed oops, g1 gc, windows-amd64)
# No core dump will be written. Minidumps are not enabled by default on client versions of Windows
#

---------------  S U M M A R Y ------------

Command Line: -Djava.rmi.server.hostname=127.0.0.1 -Duser.timezone=UTC -Xmx1009m -Xms128m -Dfile.encoding=UTF-8 com.intellij.database.remote.RemoteJdbcServer com.dbschema.MongoJdbcDriver

Host: Intel(R) Core(TM) i5-7200U CPU @ 2.50GHz, 4 cores, 7G,  Windows 10 , 64 bit Build 19041 (10.0.19041.546)
Time: Sat Mar 20 14:49:56 2021 Финляндия (зима) elapsed time: 0.013968 seconds (0d 0h 0m 0s)

---------------  T H R E A D  ---------------

Current thread (0x000002bec1d23800):  JavaThread "Unknown thread" [_thread_in_vm, id=6100, stack(0x000000f0c3a00000,0x000000f0c3b00000)]

Stack: [0x000000f0c3a00000,0x000000f0c3b00000]
Native frames: (J=compiled Java code, j=interpreted, Vv=VM code, C=native code)
V  [jvm.dll+0x5edd9a]
V  [jvm.dll+0x7229c5]
V  [jvm.dll+0x723f1d]
V  [jvm.dll+0x7245d3]
V  [jvm.dll+0x2431b8]
V  [jvm.dll+0x5eb234]
V  [jvm.dll+0x5e0325]
V  [jvm.dll+0x2fe60b]
V  [jvm.dll+0x2fe57a]
V  [jvm.dll+0x2fe452]
V  [jvm.dll+0x303346]
V  [jvm.dll+0x34ba83]
V  [jvm.dll+0x34c186]
V  [jvm.dll+0x34bb83]
V  [jvm.dll+0x2d9218]
V  [jvm.dll+0x2da3c7]
V  [jvm.dll+0x701a67]
V  [jvm.dll+0x70325c]
V  [jvm.dll+0x359049]
V  [jvm.dll+0x6e552e]
V  [jvm.dll+0x3c1353]
V  [jvm.dll+0x3c3571]
C  [jli.dll+0x5373]
C  [ucrtbase.dll+0x214c2]
C  [KERNEL32.DLL+0x17034]
C  [ntdll.dll+0x4cec1]


---------------  P R O C E S S  ---------------

Threads class SMR info:
_java_thread_list=0x000002bebfa6a7a0, length=0, elements={
}

Java Threads: ( => current thread )

Other Threads:
  0x000002bec1d3c000 GCTaskThread "GC Thread#0" [stack: 0x000000f0c3b00000,0x000000f0c3c00000] [id=9924]
  0x000002bec1d57000 ConcurrentGCThread "G1 Main Marker" [stack: 0x000000f0c3c00000,0x000000f0c3d00000] [id=1108]
  0x000002bec1d59800 ConcurrentGCThread "G1 Conc#0" [stack: 0x000000f0c3d00000,0x000000f0c3e00000] [id=6332]

[error occurred during error reporting (printing all threads), id 0xc0000005, EXCEPTION_ACCESS_VIOLATION (0xc0000005) at pc=0x00007ffe56d19807]

VM state:not at safepoint (not fully initialized)

VM Mutex/Monitor currently owned by a thread:  ([mutex/lock_event])
[0x000002bec1d21050] Heap_lock - owner thread: 0x000002bec1d23800

Heap address: 0x00000000c0e00000, size: 1010 MB, Compressed Oops mode: Non-zero based: 0x00000000c0e00000
Narrow klass base: 0x0000000000000000, Narrow klass shift: 0

GC Heap History (0 events):
No events

Deoptimization events (0 events):
No events

Classes redefined (0 events):
No events

Internal exceptions (0 events):
No events

Events (1 events):
Event: 0.008 Loaded shared library C:\Program Files\JetBrains\IntelliJ IDEA 2020.3.2\jbr\bin\zip.dll


Dynamic libraries:
0x00007ff719770000 - 0x00007ff71977a000 	C:\Program Files\JetBrains\IntelliJ IDEA 2020.3.2\jbr\bin\java.exe
0x00007ffe9ee10000 - 0x00007ffe9f006000 	C:\Windows\SYSTEM32\ntdll.dll
0x00007ffe9eac0000 - 0x00007ffe9eb7d000 	C:\Windows\System32\KERNEL32.DLL
0x00007ffe9cb30000 - 0x00007ffe9cdf8000 	C:\Windows\System32\KERNELBASE.dll
0x00007ffe9ca30000 - 0x00007ffe9cb30000 	C:\Windows\System32\ucrtbase.dll
0x00007ffe97230000 - 0x00007ffe97247000 	C:\Program Files\JetBrains\IntelliJ IDEA 2020.3.2\jbr\bin\VCRUNTIME140.dll
0x00007ffe8bb70000 - 0x00007ffe8bb89000 	C:\Program Files\JetBrains\IntelliJ IDEA 2020.3.2\jbr\bin\jli.dll
0x00007ffe9ec30000 - 0x00007ffe9edd0000 	C:\Windows\System32\USER32.dll
0x00007ffe9c560000 - 0x00007ffe9c582000 	C:\Windows\System32\win32u.dll
0x00007ffe9dff0000 - 0x00007ffe9e01a000 	C:\Windows\System32\GDI32.dll
0x00007ffe9c760000 - 0x00007ffe9c869000 	C:\Windows\System32\gdi32full.dll
0x00007ffe8c930000 - 0x00007ffe8cbcb000 	C:\Windows\WinSxS\amd64_microsoft.windows.common-controls_6595b64144ccf1df_6.0.19041.488_none_ca04af081b815d21\COMCTL32.dll
0x00007ffe9c610000 - 0x00007ffe9c6ad000 	C:\Windows\System32\msvcp_win.dll
0x00007ffe9e970000 - 0x00007ffe9ea0e000 	C:\Windows\System32\msvcrt.dll
0x00007ffe9e870000 - 0x00007ffe9e8a0000 	C:\Windows\System32\IMM32.DLL
0x00007ffe9c210000 - 0x00007ffe9c307000 	C:\Windows\system32\guard64.dll
0x00007ffe9eb80000 - 0x00007ffe9ec2a000 	C:\Windows\System32\ADVAPI32.dll
0x00007ffe9cef0000 - 0x00007ffe9cf8b000 	C:\Windows\System32\sechost.dll
0x00007ffe9dec0000 - 0x00007ffe9dfe4000 	C:\Windows\System32\RPCRT4.dll
0x00007ffe9c200000 - 0x00007ffe9c20a000 	C:\Windows\system32\version.dll
0x00007ffe9e740000 - 0x00007ffe9e86a000 	C:\Windows\System32\ole32.dll
0x00007ffe9e0d0000 - 0x00007ffe9e425000 	C:\Windows\System32\combase.dll
0x00007ffe9c1f0000 - 0x00007ffe9c1fb000 	C:\Windows\system32\fltlib.dll
0x00007ffe9d310000 - 0x00007ffe9da50000 	C:\Windows\System32\shell32.dll
0x00007ffe672f0000 - 0x00007ffe6738d000 	C:\Program Files\JetBrains\IntelliJ IDEA 2020.3.2\jbr\bin\msvcp140.dll
0x00007ffe56a30000 - 0x00007ffe574fe000 	C:\Program Files\JetBrains\IntelliJ IDEA 2020.3.2\jbr\bin\server\jvm.dll
0x00007ffe9ce80000 - 0x00007ffe9ce88000 	C:\Windows\System32\PSAPI.DLL
0x00007ffe97ed0000 - 0x00007ffe97ed9000 	C:\Windows\SYSTEM32\WSOCK32.dll
0x00007ffe9d1c0000 - 0x00007ffe9d22b000 	C:\Windows\System32\WS2_32.dll
0x00007ffe93d20000 - 0x00007ffe93d47000 	C:\Windows\SYSTEM32\WINMM.dll
0x00007ffe9a390000 - 0x00007ffe9a3a2000 	C:\Windows\SYSTEM32\kernel.appcore.dll
0x00007ffe8bc10000 - 0x00007ffe8bc21000 	C:\Program Files\JetBrains\IntelliJ IDEA 2020.3.2\jbr\bin\verify.dll
0x00007ffe864b0000 - 0x00007ffe86694000 	C:\Windows\SYSTEM32\DBGHELP.DLL
0x00007ffe84450000 - 0x00007ffe8447c000 	C:\Windows\SYSTEM32\dbgcore.DLL
0x00007ffe9ce00000 - 0x00007ffe9ce7f000 	C:\Windows\System32\bcryptPrimitives.dll
0x00007ffe8bbe0000 - 0x00007ffe8bc09000 	C:\Program Files\JetBrains\IntelliJ IDEA 2020.3.2\jbr\bin\java.dll
0x00007ffe97250000 - 0x00007ffe9725b000 	C:\Program Files\JetBrains\IntelliJ IDEA 2020.3.2\jbr\bin\jimage.dll
0x00007ffe8ac10000 - 0x00007ffe8ac28000 	C:\Program Files\JetBrains\IntelliJ IDEA 2020.3.2\jbr\bin\zip.dll

dbghelp: loaded successfully - version: 4.0.5 - missing functions: none
symbol engine: initialized successfully - sym options: 0x614 - pdb path: .;C:\Program Files\JetBrains\IntelliJ IDEA 2020.3.2\jbr\bin;C:\Windows\SYSTEM32;C:\Windows\WinSxS\amd64_microsoft.windows.common-controls_6595b64144ccf1df_6.0.19041.488_none_ca04af081b815d21;C:\Program Files\JetBrains\IntelliJ IDEA 2020.3.2\jbr\bin\server

VM Arguments:
jvm_args: -Djava.rmi.server.hostname=127.0.0.1 -Duser.timezone=UTC -Xmx1009m -Xms128m -Dfile.encoding=UTF-8 
java_command: com.intellij.database.remote.RemoteJdbcServer com.dbschema.MongoJdbcDriver
java_class_path (initial): C:\Program Files\JetBrains\IntelliJ IDEA 2020.3.2\lib\util.jar;C:\Program Files\JetBrains\IntelliJ IDEA 2020.3.2\lib\trove4j.jar;C:\Program Files\JetBrains\IntelliJ IDEA 2020.3.2\lib\groovy-2.5.11.jar;C:\Program Files\JetBrains\IntelliJ IDEA 2020.3.2\plugins\DatabaseTools\lib\jdbc-console.jar;C:\Users\volod\AppData\Roaming\JetBrains\IntelliJIdea2020.3\jdbc-drivers\MongoDB\1.11\mongo-jdbc-standalone-1.11.jar
Launcher Type: SUN_STANDARD

[Global flags]
     intx CICompilerCount                          = 3                                         {product} {ergonomic}
     uint ConcGCThreads                            = 1                                         {product} {ergonomic}
     uint G1ConcRefinementThreads                  = 4                                         {product} {ergonomic}
   size_t G1HeapRegionSize                         = 1048576                                   {product} {ergonomic}
    uintx GCDrainStackTargetSize                   = 64                                        {product} {ergonomic}
   size_t InitialHeapSize                          = 134217728                                 {product} {command line}
   size_t MarkStackSize                            = 4194304                                   {product} {ergonomic}
   size_t MaxHeapSize                              = 1059061760                                {product} {command line, ergonomic}
   size_t MinHeapDeltaBytes                        = 1048576                                   {product} {ergonomic}
    uintx NonNMethodCodeHeapSize                   = 5830732                                {pd product} {ergonomic}
    uintx NonProfiledCodeHeapSize                  = 122913754                              {pd product} {ergonomic}
    uintx ProfiledCodeHeapSize                     = 122913754                              {pd product} {ergonomic}
    uintx ReservedCodeCacheSize                    = 251658240                              {pd product} {ergonomic}
     bool SegmentedCodeCache                       = true                                      {product} {ergonomic}
     bool UseCompressedClassPointers               = true                                 {lp64_product} {ergonomic}
     bool UseCompressedOops                        = true                                 {lp64_product} {ergonomic}
     bool UseG1GC                                  = true                                      {product} {ergonomic}
     bool UseLargePagesIndividualAllocation        = false                                  {pd product} {ergonomic}

Logging:
Log output configuration:
 #0: stdout all=warning uptime,level,tags
 #1: stderr all=off uptime,level,tags

Environment Variables:
JAVA_HOME=C:\Program Files\Java\jdk1.8.0_271
PATH=C:\Windows\system32;C:\Windows;C:\Windows\System32\Wbem;C:\Windows\System32\WindowsPowerShell\v1.0\;C:\Windows\System32\OpenSSH\;C:\Program Files\Java\jdk1.8.0_271\bin;C:\Program Files (x86)\Common Files\Oracle\Java\javapath;C:\Program Files\Common Files\Oracle\Java\javapath;C:\Program Files\Git\cmd;C:\Program Files\MongoDB\Server\4.4\bin;C:\Program Files\PuTTY\;C:\Users\volod\AppData\Local\Microsoft\WindowsApps;C:\kubernetes;
USERNAME=volod
OS=Windows_NT
PROCESSOR_IDENTIFIER=Intel64 Family 6 Model 142 Stepping 9, GenuineIntel



---------------  S Y S T E M  ---------------

OS: Windows 10 , 64 bit Build 19041 (10.0.19041.546)
OS uptime: 0 days 1:10 hours

CPU:total 4 (initial active 4) (2 cores per cpu, 2 threads per core) family 6 model 142 stepping 9, cmov, cx8, fxsr, mmx, sse, sse2, sse3, ssse3, sse4.1, sse4.2, popcnt, avx, avx2, aes, clmul, erms, 3dnowpref, lzcnt, ht, tsc, tscinvbit, bmi1, bmi2, adx, fma

Memory: 4k page, system-wide physical 8072M (356M free)
TotalPageFile size 10120M (AvailPageFile size 85M)
current process WorkingSet (physical memory assigned to process): 12M, peak: 12M
current process commit charge ("private bytes"): 52M, peak: 180M

vm_info: OpenJDK 64-Bit Server VM (11.0.9.1+11-b1145.77) for windows-amd64 JRE (11.0.9.1+11-b1145.77), built on Jan 16 2021 05:14:13 by "" with MS VC++ 14.0 (VS2015)

END.
